WRN 2026-03-30T11:39:30.062 ?.27300    server_start:197: Failed to start server: operation not permitted: /var/folders/n2/v12c4hps4yx3hpgwzd6w_z2w0000gn/T/nvim.gio/fJ84Ds/nvim.27300.0
WRN 2026-04-09T16:29:59.861 ?.20424    server_start:197: Failed to start server: operation not permitted: /var/folders/n2/v12c4hps4yx3hpgwzd6w_z2w0000gn/T/nvim.gio/78kKF9/nvim.20424.0
WRN 2026-04-13T11:29:28.600 ?.58146    server_start:197: Failed to start server: operation not permitted: /var/folders/n2/v12c4hps4yx3hpgwzd6w_z2w0000gn/T/nvim.gio/A0WNg2/nvim.58146.0
WRN 2026-04-13T11:29:28.637 ?.58147    server_start:197: Failed to start server: operation not permitted: /var/folders/n2/v12c4hps4yx3hpgwzd6w_z2w0000gn/T/nvim.gio/tRP1mD/nvim.58147.0
WRN 2026-04-13T11:29:42.125 ?.58204    server_start:197: Failed to start server: operation not permitted: /var/folders/n2/v12c4hps4yx3hpgwzd6w_z2w0000gn/T/nvim.gio/YkC8rS/nvim.58204.0
WRN 2026-04-13T11:29:42.125 ?.58205    server_start:197: Failed to start server: operation not permitted: /var/folders/n2/v12c4hps4yx3hpgwzd6w_z2w0000gn/T/nvim.gio/C8rRvP/nvim.58205.0
WRN 2026-04-13T11:30:00.561 ?.58278    server_start:197: Failed to start server: operation not permitted: /var/folders/n2/v12c4hps4yx3hpgwzd6w_z2w0000gn/T/nvim.gio/7dOPCn/nvim.58278.0
WRN 2026-04-13T11:30:12.632 ?.58310    server_start:197: Failed to start server: operation not permitted: /var/folders/n2/v12c4hps4yx3hpgwzd6w_z2w0000gn/T/nvim.gio/p7hDNZ/nvim.58310.0
WRN 2026-04-14T17:34:12.431 ?.89157    server_start:197: Failed to start server: operation not permitted: /var/folders/n2/v12c4hps4yx3hpgwzd6w_z2w0000gn/T/nvim.gio/2GrLez/nvim.89157.0
WRN 2026-04-15T10:35:01.406 ?.4733     server_start:197: Failed to start server: operation not permitted: /var/folders/n2/v12c4hps4yx3hpgwzd6w_z2w0000gn/T/nvim.gio/UrI06d/nvim.4733.0
WRN 2026-04-15T10:35:08.574 ?.4736     server_start:197: Failed to start server: operation not permitted: /var/folders/n2/v12c4hps4yx3hpgwzd6w_z2w0000gn/T/nvim.gio/O1y8hO/nvim.4736.0
WRN 2026-04-15T10:35:08.574 ?.4735     server_start:197: Failed to start server: operation not permitted: /var/folders/n2/v12c4hps4yx3hpgwzd6w_z2w0000gn/T/nvim.gio/FGBTr2/nvim.4735.0
WRN 2026-04-15T10:35:18.706 ?.4804     server_start:197: Failed to start server: operation not permitted: /var/folders/n2/v12c4hps4yx3hpgwzd6w_z2w0000gn/T/nvim.gio/RcpqyG/nvim.4804.0
WRN 2026-04-15T10:36:41.754 ?.4854     server_start:197: Failed to start server: operation not permitted: /var/folders/n2/v12c4hps4yx3hpgwzd6w_z2w0000gn/T/nvim.gio/7C2IZ6/nvim.4854.0
WRN 2026-04-15T14:58:08.685 ?.14369    server_start:197: Failed to start server: operation not permitted: /var/folders/n2/v12c4hps4yx3hpgwzd6w_z2w0000gn/T/nvim.gio/OQ80i4/nvim.14369.0
WRN 2026-04-16T11:08:30.415 ?.43279    server_start:197: Failed to start server: operation not permitted: /var/folders/n2/v12c4hps4yx3hpgwzd6w_z2w0000gn/T/nvim.gio/gquBn4/nvim.43279.0
WRN 2026-04-17T10:22:44.276 ?.77423    server_start:197: Failed to start server: operation not permitted: /var/folders/n2/v12c4hps4yx3hpgwzd6w_z2w0000gn/T/nvim.gio/zYrkuN/nvim.77423.0
WRN 2026-04-17T11:09:58.573 ?.79289    server_start:197: Failed to start server: operation not permitted: /var/folders/n2/v12c4hps4yx3hpgwzd6w_z2w0000gn/T/nvim.gio/e1KKBw/nvim.79289.0
WRN 2026-04-17T11:20:30.468 ?.79661    server_start:197: Failed to start server: operation not permitted: /var/folders/n2/v12c4hps4yx3hpgwzd6w_z2w0000gn/T/nvim.gio/WXbF0O/nvim.79661.0
WRN 2026-04-28T21:57:24.195 ?.41605    server_start:197: Failed to start server: operation not permitted: /var/folders/n2/v12c4hps4yx3hpgwzd6w_z2w0000gn/T/nvim.gio/SuAjbh/nvim.41605.0
